     1                                  bits 32 
     2                                  global start        
     3                                  
     4                                  extern exit, printf, scanf               
     5                                  import exit msvcrt.dll    
     6                                  import printf msvcrt.dll
     7                                  import scanf msvcrt.dll
     8                                  
     9                                  segment data use32 class=data
    10 00000000 00000000                   a dd 0
    11 00000004 00000000                   b dd 0
    12 00000008 61203D2000                 msg1 db "a = ",0
    13 0000000D 62203D2000                 msg2 db "b = ",0
    14 00000012 257800                     format db "%x",0
    15 00000015 00000000                   suma dd 0
    16 00000019 00000000                   dif dd 0
    17 0000001D 73756D61203D202578-        msg3 db "suma = %x  ",0
    17 00000026 202000             
    18 00000029 6469666572656E7461-        msg4 db "diferenta = %x",0
    18 00000032 203D20257800       
    19                                      
    20                                  
    21                                  segment code use32 class=code
    22                                      start:
    23                                          
    24 00000000 68[08000000]                    push dword msg1
    25 00000005 FF15[00000000]                  call [printf]
    26 0000000B 83C404                          add esp , 4*1
    27                                          
    28 0000000E 68[00000000]                    push dword a
    29 00000013 68[12000000]                    push dword format
    30 00000018 FF15[00000000]                  call [scanf]
    31 0000001E 83C408                          add esp, 4*2
    32                                          
    33 00000021 68[0D000000]                    push dword msg2
    34 00000026 FF15[00000000]                  call [printf]
    35 0000002C 83C404                          add esp , 4*1
    36                                          
    37 0000002F 68[04000000]                    push dword b
    38 00000034 68[12000000]                    push dword format
    39 00000039 FF15[00000000]                  call [scanf]
    40 0000003F 83C408                          add esp, 4*2
    41                                          
    42 00000042 B800000000                      mov eax, 0
    43 00000047 BB00000000                      mov ebx,0
    44                                          
    45 0000004C A1[00000000]                    mov eax, [a]
    46 00000051 8B1D[04000000]                  mov ebx, [b]
    47                                          
    48 00000057 660105[15000000]                add [suma],ax
    49 0000005E 66011D[15000000]                add [suma],bx
    50                                          
    51 00000065 C1C010                          rol eax,16
    52 00000068 C1C310                          rol ebx,16
    53                                          
    54 0000006B 66A3[19000000]                  mov [dif], ax
    55 00000071 66291D[19000000]                sub [dif], bx
    56                                          
    57 00000078 FF35[15000000]                  push dword [suma]
    58 0000007E 68[1D000000]                    push dword msg3
    59 00000083 FF15[00000000]                  call [printf]
    60 00000089 83C408                          add esp,4*2
    61                                          
    62 0000008C FF35[19000000]                  push dword [dif]
    63 00000092 68[29000000]                    push dword msg4
    64 00000097 FF15[00000000]                  call [printf]
    65 0000009D 83C408                          add esp,4*2
    66                                          
    67                                          
    68                                          
    69 000000A0 6A00                            push    dword 0      
    70 000000A2 FF15[00000000]                  call    [exit]       
