[2021-05-31 16:24:28] [info] Start Program:
Path:"D:\\Facultate\\Semestrul 2\\SDA\\MDO(arbore_binar_de_cautare)\\Debug\\MDO(arbore_binar_de_cautare).exe"
Arguments:
Working directory: "D:\\Facultate\\Semestrul 2\\SDA\\MDO(arbore_binar_de_cautare)\\MDO(arbore_binar_de_cautare)\\"
Modules: Selected: D:\Facultate\Semestrul 2\SDA\MDO(arbore_binar_de_cautare)\Debug\MDO(arbore_binar_de_cautare).exe Excluded: 
Sources: Selected: D:\Facultate\Semestrul 2\SDA\MDO(arbore_binar_de_cautare)\MDO(arbore_binar_de_cautare) Excluded: 
Log Level: Normal
Cover Children: 0
Aggregate by file: 1
Continue after C++ exception: 0
Optimized build support: 0
Export: binary C:\Users\rober\AppData\Local\Temp\npo3domp.g5u 
Input coverage: 
Unified diff: 
Excluded line regular expressions: 
Substitute pdb source paths: 

[2021-05-31 16:24:28] [info] Module: D:\Facultate\Semestrul 2\SDA\MDO(arbore_binar_de_cautare)\Debug\MDO(arbore_binar_de_cautare).exe is selected because it matches selected pattern: D:\Facultate\Semestrul 2\SDA\MDO(arbore_binar_de_cautare)\Debug\MDO(arbore_binar_de_cautare).exe
[2021-05-31 16:24:28] [info] ----------------------------------------------------
[2021-05-31 16:24:28] [info] Coverage binary generated in file: C:\Users\rober\AppData\Local\Temp\npo3domp.g5u
[2021-05-31 16:24:28] [info] ----------------------------------------------------
