[2021-05-17 16:37:11] [info] Start Program:
Path:"D:\\Facultate\\Semestrul 2\\SDA\\Colectie(tabela_de_dispersie)\\Debug\\Colectie(tabela_de_dispersie).exe"
Arguments:
Working directory: "D:\\Facultate\\Semestrul 2\\SDA\\Colectie(tabela_de_dispersie)\\Colectie(tabela_de_dispersie)\\"
Modules: Selected: D:\Facultate\Semestrul 2\SDA\Colectie(tabela_de_dispersie)\Debug\Colectie(tabela_de_dispersie).exe Excluded: 
Sources: Selected: D:\Facultate\Semestrul 2\SDA\Colectie(tabela_de_dispersie)\Colectie(tabela_de_dispersie) Excluded: 
Log Level: Normal
Cover Children: 0
Aggregate by file: 1
Continue after C++ exception: 0
Optimized build support: 0
Export: binary C:\Users\rober\AppData\Local\Temp\n0tjji4t.5rc 
Input coverage: 
Unified diff: 
Excluded line regular expressions: 
Substitute pdb source paths: 

[2021-05-17 16:37:11] [info] Module: D:\Facultate\Semestrul 2\SDA\Colectie(tabela_de_dispersie)\Debug\Colectie(tabela_de_dispersie).exe is selected because it matches selected pattern: D:\Facultate\Semestrul 2\SDA\Colectie(tabela_de_dispersie)\Debug\Colectie(tabela_de_dispersie).exe
[2021-05-17 16:37:14] [info] ----------------------------------------------------
[2021-05-17 16:37:14] [info] Coverage binary generated in file: C:\Users\rober\AppData\Local\Temp\n0tjji4t.5rc
[2021-05-17 16:37:14] [info] ----------------------------------------------------
